[2023-11-19T16:59:13.901Z] POST /api/1.0/auth 404 1.580 ms - 55
[2023-11-19T16:59:42.060Z] POST /api/1.0/auth 404 2.922 ms - 64
[2023-11-19T17:00:11.840Z] POST /api/1.0/auth 404 7.498 ms - 64
[2023-11-19T17:01:39.383Z] POST /api/1.0/auth 404 1.469 ms - 64
[2023-11-19T17:01:49.307Z] POST /api/auth 404 0.480 ms - 64
[2023-11-19T17:02:13.185Z] GET / 404 0.484 ms - 64
[2023-11-19T17:02:13.376Z] GET /favicon.ico 404 0.497 ms - 64
[2023-11-19T17:03:12.484Z] POST /api/auth 404 3.175 ms - 69
[2023-11-19T17:05:32.892Z] POST /api/auth 404 1.684 ms - 69
[2023-11-19T17:07:19.782Z] POST /api/auth 404 1.799 ms - 69
[2023-11-19T17:07:36.511Z] GET /api/auth 404 0.391 ms - 69
[2023-11-19T17:07:37.590Z] GET /api/auth 404 0.266 ms - 69
[2023-11-19T17:07:42.989Z] POST /api/auth 404 0.289 ms - 69
[2023-11-19T17:20:37.309Z] GET / 404 1.980 ms - 69
[2023-11-19T17:23:04.609Z] POST /api/auth 404 6.232 ms - 69
[2023-11-19T17:23:07.063Z] POST /api/auth 404 0.350 ms - 69
[2023-11-19T17:23:32.514Z] POST /api/auth 500 3.408 ms - 84
[2023-11-19T17:26:18.111Z] POST /api/auth 500 0.566 ms - 84
[2023-11-19T17:26:19.244Z] POST /api/auth 500 0.432 ms - 84
[2023-11-19T17:26:20.063Z] POST /api/auth 500 0.353 ms - 84
[2023-11-19T17:27:50.564Z] POST /api/auth 500 1.851 ms - 84
[2023-11-19T17:28:31.661Z] POST /api/auth 500 9.230 ms - 84
[2023-11-19T17:29:38.148Z] POST /api/auth 500 2.370 ms - 96
[2023-11-19T17:30:21.321Z] POST /api/auth 500 9.808 ms - 84
[2023-11-19T18:05:23.615Z] POST /api/auth 500 7.244 ms - 84
[2023-11-19T18:06:50.470Z] POST /api/auth 500 8.259 ms - 84
[2023-11-19T18:07:19.943Z] POST /api/auth 500 2.431 ms - 84
[2023-11-19T18:07:27.384Z] POST /api/auth 500 6.444 ms - 84
[2023-11-19T18:08:01.632Z] POST /api/auth 500 10.847 ms - 84
[2023-11-19T18:08:26.894Z] POST /api/auth 500 4.650 ms - 84
[2023-11-19T18:08:29.853Z] POST /api/auth 500 1.539 ms - 84
[2023-11-19T18:09:01.533Z] POST /api/auth 500 5.919 ms - 84
[2023-11-19T18:09:18.416Z] POST /api/auth 500 17.177 ms - 84
[2023-11-19T18:09:48.755Z] POST /api/auth 500 7.954 ms - 84
[2023-11-19T18:12:22.240Z] POST /api/auth 500 7.297 ms - 84
[2023-11-19T18:12:54.253Z] POST /api/auth 500 1.637 ms - 84
[2023-11-19T18:12:55.954Z] POST /api/auth 500 1.409 ms - 84
[2023-11-19T18:13:18.613Z] POST /api/auth 500 15.022 ms - 84
[2023-11-19T18:13:36.870Z] POST /api/auth 500 11.593 ms - 84
[2023-11-19T18:13:44.619Z] POST /api/auth 500 2.725 ms - 84
[2023-11-19T18:14:10.662Z] POST /api/auth 500 5.427 ms - 84
[2023-11-19T18:14:29.050Z] POST /api/auth 500 10.539 ms - 84
[2023-11-19T18:15:45.834Z] POST /api/auth 500 5.970 ms - 84
[2023-11-19T18:15:47.147Z] POST /api/auth 500 3.085 ms - 84
[2023-11-19T18:16:28.464Z] POST /api/auth 500 14.013 ms - 84
[2023-11-19T18:17:42.431Z] POST /api/auth 500 17.983 ms - 84
[2023-11-19T18:18:30.638Z] POST /api/auth 500 46.180 ms - 84
[2023-11-19T18:19:26.130Z] POST /api/auth 500 7.305 ms - 84
[2023-11-19T18:19:41.447Z] POST /api/auth 500 11.727 ms - 84
[2023-11-19T18:20:05.165Z] POST /api/auth 500 15.728 ms - 84
[2023-11-19T18:20:29.449Z] POST /api/auth 500 18.036 ms - 84
[2023-11-19T18:20:49.960Z] POST /api/auth 500 18.198 ms - 84
[2023-11-19T18:21:10.035Z] POST /api/auth 500 9.687 ms - 84
[2023-11-19T18:21:24.093Z] POST /api/auth 500 11.539 ms - 84
[2023-11-19T18:22:01.710Z] POST /api/auth 500 8.880 ms - 84
[2023-11-19T18:22:36.028Z] POST /api/auth 500 7.256 ms - 84
[2023-11-19T18:22:55.189Z] POST /api/auth 500 6.270 ms - 84
[2023-11-19T18:23:27.085Z] POST /api/auth 500 9.626 ms - 84
[2023-11-19T18:24:19.422Z] POST /api/auth 500 14.306 ms - 84
[2023-11-19T18:25:30.518Z] POST /api/auth 500 16.542 ms - 84
[2023-11-19T18:26:10.051Z] POST /api/auth 500 17.727 ms - 84
[2023-11-19T18:27:11.825Z] POST /api/auth 500 21.272 ms - 84
[2023-11-19T18:27:32.138Z] POST /api/auth 200 14.535 ms - 417
[2023-11-19T18:28:28.322Z] POST /api/auth 200 12.539 ms - 417
[2023-11-19T19:18:07.659Z] GET / 404 3.110 ms - 69
[2023-11-19T19:28:33.748Z] POST /api/v1/auth 200 8.031 ms - 417
[2023-11-19T19:28:35.911Z] POST /api/v1/auth 200 2.644 ms - 417
[2023-11-19T19:28:36.972Z] POST /api/v1/auth 200 4.654 ms - 417
[2023-11-19T19:28:38.200Z] POST /api/v1/auth 200 2.088 ms - 417
[2023-11-19T19:30:26.233Z] POST /api/v1/auth 200 12.665 ms - 379
[2023-11-19T19:30:47.352Z] POST /api/v1/auth 200 8.666 ms - 375
[2023-11-19T19:33:44.556Z] POST /api/v1/auth 200 11.471 ms - 380
[2023-11-19T19:34:05.757Z] POST /api/v1/auth 200 13.012 ms - 399
[2023-11-21T14:16:05.931Z] GET /api-docs/ 404 1.341 ms - 69
[2023-11-21T14:16:06.041Z] GET /favicon.ico 404 0.662 ms - 69
[2023-11-21T15:17:51.495Z] POST /api/v1/auth 200 9.711 ms - 394
[2023-11-21T15:39:30.545Z] GET /sawgger 404 4.907 ms - 69
[2023-11-21T15:39:52.027Z] POST /auth 404 0.387 ms - 69
[2023-11-21T15:39:54.922Z] POST /auth 404 0.533 ms - 69
[2023-11-21T15:40:07.044Z] POST /auth 404 0.215 ms - 69
[2023-11-21T15:40:54.730Z] POST /api/v1/auth 200 7.224 ms - 90
[2023-11-21T15:54:49.958Z] GET / 404 0.514 ms - 69
[2023-11-21T15:55:21.112Z] GET /swgger 404 0.537 ms - 69
[2023-11-21T15:55:25.372Z] GET /swgger 404 0.537 ms - 69
[2023-11-21T16:01:15.661Z] POST /api/v1/auth 200 8.524 ms - 394
[2023-11-21T16:03:01.364Z] POST /api/v1/auth 200 3.861 ms - 394
[2023-11-21T16:03:03.766Z] POST /api/v1/auth 200 3.280 ms - 394
[2023-11-21T16:03:55.412Z] POST /api/v1/auth 200 2.557 ms - 108
[2023-11-21T16:04:04.158Z] POST /api/v1/auth 200 7.628 ms - 394
[2023-11-21T16:06:21.660Z] POST /api/v1/auth 200 4.660 ms - 394
[2023-11-21T18:18:08.203Z] POST /api/v1/auth 500 11.117 ms - 152
[2023-11-21T18:18:52.225Z] POST /api/v1/auth 500 20.184 ms - 152
[2023-11-21T18:19:41.981Z] POST /api/v1/auth 500 19.435 ms - 152
[2023-11-21T18:22:53.041Z] POST /api/v1/auth 500 8.490 ms - 152
[2023-11-21T18:23:22.604Z] POST /api/v1/auth 200 14.298 ms - 394
[2023-11-22T16:41:06.689Z] POST /api/v1/auth 200 21.458 ms - 394
[2023-11-23T13:46:28.421Z] POST /api/v1/auth 200 3.968 ms - 127
[2023-11-23T13:47:38.085Z] POST /api/v1/auth 200 3.744 ms - 127
[2023-11-23T13:48:33.496Z] POST /api/v1/auth 200 6.041 ms - 127
[2023-11-23T13:49:14.256Z] POST /api/v1/auth 200 10.404 ms - 394
[2023-11-23T13:51:07.091Z] POST /api/v1/auth 200 4.236 ms - 127
[2023-11-23T13:52:33.068Z] POST /api/v1/auth 200 7.547 ms - 394
